# Logfile created on 2014-04-10 14:38:04 -0700 by logger.rb/44203
I, [2014-04-10T14:38:04.900255 #5210]  INFO -- : 0:  rake (10.2.2) from /Users/tballenger/.rvm/rubies/ruby-2.1.0/lib/ruby/gems/2.1.0/specifications/rake-10.2.2.gemspec
I, [2014-04-10T14:38:04.900516 #5210]  INFO -- : 0:  i18n (0.6.9) from /Users/tballenger/.rvm/rubies/ruby-2.1.0/lib/ruby/gems/2.1.0/specifications/i18n-0.6.9.gemspec
I, [2014-04-10T14:38:04.900706 #5210]  INFO -- : 0:  json (1.8.1) from /Users/tballenger/.rvm/rubies/ruby-2.1.0/lib/ruby/gems/2.1.0/specifications/default/json-1.8.1.gemspec
I, [2014-04-10T14:38:04.900916 #5210]  INFO -- : 0:  minitest (5.3.2) from /Users/tballenger/.rvm/rubies/ruby-2.1.0/lib/ruby/gems/2.1.0/specifications/minitest-5.3.2.gemspec
I, [2014-04-10T14:38:04.901129 #5210]  INFO -- : 0:  thread_safe (0.3.3) from /Users/tballenger/.rvm/rubies/ruby-2.1.0/lib/ruby/gems/2.1.0/specifications/thread_safe-0.3.3.gemspec
I, [2014-04-10T14:38:04.901338 #5210]  INFO -- : 0:  tzinfo (1.1.0) from /Users/tballenger/.rvm/rubies/ruby-2.1.0/lib/ruby/gems/2.1.0/specifications/tzinfo-1.1.0.gemspec
I, [2014-04-10T14:38:04.901542 #5210]  INFO -- : 0:  activesupport (4.1.0) from /Users/tballenger/.rvm/rubies/ruby-2.1.0/lib/ruby/gems/2.1.0/specifications/activesupport-4.1.0.gemspec
I, [2014-04-10T14:38:04.901746 #5210]  INFO -- : 0:  builder (3.2.2) from /Users/tballenger/.rvm/rubies/ruby-2.1.0/lib/ruby/gems/2.1.0/specifications/builder-3.2.2.gemspec
I, [2014-04-10T14:38:04.901946 #5210]  INFO -- : 0:  erubis (2.7.0) from /Users/tballenger/.rvm/rubies/ruby-2.1.0/lib/ruby/gems/2.1.0/specifications/erubis-2.7.0.gemspec
I, [2014-04-10T14:38:04.902147 #5210]  INFO -- : 0:  actionview (4.1.0) from /Users/tballenger/.rvm/rubies/ruby-2.1.0/lib/ruby/gems/2.1.0/specifications/actionview-4.1.0.gemspec
I, [2014-04-10T14:38:04.902345 #5210]  INFO -- : 0:  rack (1.5.2) from /Users/tballenger/.rvm/rubies/ruby-2.1.0/lib/ruby/gems/2.1.0/specifications/rack-1.5.2.gemspec
I, [2014-04-10T14:38:04.902544 #5210]  INFO -- : 0:  rack-test (0.6.2) from /Users/tballenger/.rvm/rubies/ruby-2.1.0/lib/ruby/gems/2.1.0/specifications/rack-test-0.6.2.gemspec
I, [2014-04-10T14:38:04.902750 #5210]  INFO -- : 0:  actionpack (4.1.0) from /Users/tballenger/.rvm/rubies/ruby-2.1.0/lib/ruby/gems/2.1.0/specifications/actionpack-4.1.0.gemspec
I, [2014-04-10T14:38:04.902985 #5210]  INFO -- : 0:  mime-types (1.25.1) from /Users/tballenger/.rvm/rubies/ruby-2.1.0/lib/ruby/gems/2.1.0/specifications/mime-types-1.25.1.gemspec
I, [2014-04-10T14:38:04.903178 #5210]  INFO -- : 0:  polyglot (0.3.4) from /Users/tballenger/.rvm/rubies/ruby-2.1.0/lib/ruby/gems/2.1.0/specifications/polyglot-0.3.4.gemspec
I, [2014-04-10T14:38:04.903378 #5210]  INFO -- : 0:  treetop (1.4.15) from /Users/tballenger/.rvm/rubies/ruby-2.1.0/lib/ruby/gems/2.1.0/specifications/treetop-1.4.15.gemspec
I, [2014-04-10T14:38:04.903577 #5210]  INFO -- : 0:  mail (2.5.4) from /Users/tballenger/.rvm/rubies/ruby-2.1.0/lib/ruby/gems/2.1.0/specifications/mail-2.5.4.gemspec
I, [2014-04-10T14:38:04.903781 #5210]  INFO -- : 0:  actionmailer (4.1.0) from /Users/tballenger/.rvm/rubies/ruby-2.1.0/lib/ruby/gems/2.1.0/specifications/actionmailer-4.1.0.gemspec
I, [2014-04-10T14:38:04.903987 #5210]  INFO -- : 0:  activemodel (4.1.0) from /Users/tballenger/.rvm/rubies/ruby-2.1.0/lib/ruby/gems/2.1.0/specifications/activemodel-4.1.0.gemspec
I, [2014-04-10T14:38:04.904190 #5210]  INFO -- : 0:  arel (5.0.0) from /Users/tballenger/.rvm/rubies/ruby-2.1.0/lib/ruby/gems/2.1.0/specifications/arel-5.0.0.gemspec
I, [2014-04-10T14:38:04.904390 #5210]  INFO -- : 0:  activerecord (4.1.0) from /Users/tballenger/.rvm/rubies/ruby-2.1.0/lib/ruby/gems/2.1.0/specifications/activerecord-4.1.0.gemspec
I, [2014-04-10T14:38:04.904594 #5210]  INFO -- : 0:  sass (3.2.19) from /Users/tballenger/.rvm/rubies/ruby-2.1.0/lib/ruby/gems/2.1.0/specifications/sass-3.2.19.gemspec
I, [2014-04-10T14:38:05.050285 #5210]  INFO -- : 0:  bootstrap-sass (3.1.1.0) from /Users/tballenger/.rvm/rubies/ruby-2.1.0/lib/ruby/gems/2.1.0/bundler/gems/bootstrap-sass-4dfc9219c9bc/bootstrap-sass.gemspec
I, [2014-04-10T14:38:05.050567 #5210]  INFO -- : 0:  bundler (1.5.1) from /Users/tballenger/.rvm/rubies/ruby-2.1.0/lib/ruby/gems/2.1.0/specifications/bundler-1.5.1.gemspec
I, [2014-04-10T14:38:05.050779 #5210]  INFO -- : 0:  coffee-script-source (1.7.0) from /Users/tballenger/.rvm/rubies/ruby-2.1.0/lib/ruby/gems/2.1.0/specifications/coffee-script-source-1.7.0.gemspec
I, [2014-04-10T14:38:05.051007 #5210]  INFO -- : 0:  execjs (2.0.2) from /Users/tballenger/.rvm/rubies/ruby-2.1.0/lib/ruby/gems/2.1.0/specifications/execjs-2.0.2.gemspec
I, [2014-04-10T14:38:05.051233 #5210]  INFO -- : 0:  coffee-script (2.2.0) from /Users/tballenger/.rvm/rubies/ruby-2.1.0/lib/ruby/gems/2.1.0/specifications/coffee-script-2.2.0.gemspec
I, [2014-04-10T14:38:05.051460 #5210]  INFO -- : 0:  thor (0.19.1) from /Users/tballenger/.rvm/rubies/ruby-2.1.0/lib/ruby/gems/2.1.0/specifications/thor-0.19.1.gemspec
I, [2014-04-10T14:38:05.051683 #5210]  INFO -- : 0:  railties (4.1.0) from /Users/tballenger/.rvm/rubies/ruby-2.1.0/lib/ruby/gems/2.1.0/specifications/railties-4.1.0.gemspec
I, [2014-04-10T14:38:05.051904 #5210]  INFO -- : 0:  coffee-rails (4.0.1) from /Users/tballenger/.rvm/rubies/ruby-2.1.0/lib/ruby/gems/2.1.0/specifications/coffee-rails-4.0.1.gemspec
I, [2014-04-10T14:38:05.052127 #5210]  INFO -- : 0:  font-awesome-rails (4.0.3.1) from /Users/tballenger/.rvm/rubies/ruby-2.1.0/lib/ruby/gems/2.1.0/specifications/font-awesome-rails-4.0.3.1.gemspec
I, [2014-04-10T14:38:05.052348 #5210]  INFO -- : 0:  hike (1.2.3) from /Users/tballenger/.rvm/rubies/ruby-2.1.0/lib/ruby/gems/2.1.0/specifications/hike-1.2.3.gemspec
I, [2014-04-10T14:38:05.052592 #5210]  INFO -- : 0:  multi_json (1.9.2) from /Users/tballenger/.rvm/rubies/ruby-2.1.0/lib/ruby/gems/2.1.0/specifications/multi_json-1.9.2.gemspec
I, [2014-04-10T14:38:05.052813 #5210]  INFO -- : 0:  jbuilder (2.0.6) from /Users/tballenger/.rvm/rubies/ruby-2.1.0/lib/ruby/gems/2.1.0/specifications/jbuilder-2.0.6.gemspec
I, [2014-04-10T14:38:05.053031 #5210]  INFO -- : 0:  jquery-rails (3.1.0) from /Users/tballenger/.rvm/rubies/ruby-2.1.0/lib/ruby/gems/2.1.0/specifications/jquery-rails-3.1.0.gemspec
I, [2014-04-10T14:38:05.053244 #5210]  INFO -- : 0:  tilt (1.4.1) from /Users/tballenger/.rvm/rubies/ruby-2.1.0/lib/ruby/gems/2.1.0/specifications/tilt-1.4.1.gemspec
I, [2014-04-10T14:38:05.053467 #5210]  INFO -- : 0:  sprockets (2.11.0) from /Users/tballenger/.rvm/rubies/ruby-2.1.0/lib/ruby/gems/2.1.0/specifications/sprockets-2.11.0.gemspec
I, [2014-04-10T14:38:05.053690 #5210]  INFO -- : 0:  sprockets-rails (2.1.1) from /Users/tballenger/.rvm/rubies/ruby-2.1.0/lib/ruby/gems/2.1.0/specifications/sprockets-rails-2.1.1.gemspec
I, [2014-04-10T14:38:05.054022 #5210]  INFO -- : 0:  rails (4.1.0) from /Users/tballenger/.rvm/rubies/ruby-2.1.0/lib/ruby/gems/2.1.0/specifications/rails-4.1.0.gemspec
I, [2014-04-10T14:38:05.054271 #5210]  INFO -- : 0:  rdoc (4.1.1) from /Users/tballenger/.rvm/rubies/ruby-2.1.0/lib/ruby/gems/2.1.0/specifications/rdoc-4.1.1.gemspec
I, [2014-04-10T14:38:05.054520 #5210]  INFO -- : 0:  sass-rails (4.0.3) from /Users/tballenger/.rvm/rubies/ruby-2.1.0/lib/ruby/gems/2.1.0/specifications/sass-rails-4.0.3.gemspec
I, [2014-04-10T14:38:05.054756 #5210]  INFO -- : 0:  sdoc (0.4.0) from /Users/tballenger/.rvm/rubies/ruby-2.1.0/lib/ruby/gems/2.1.0/specifications/sdoc-0.4.0.gemspec
I, [2014-04-10T14:38:05.054966 #5210]  INFO -- : 0:  spring (1.1.2) from /Users/tballenger/.rvm/rubies/ruby-2.1.0/lib/ruby/gems/2.1.0/specifications/spring-1.1.2.gemspec
I, [2014-04-10T14:38:05.055194 #5210]  INFO -- : 0:  sqlite3 (1.3.9) from /Users/tballenger/.rvm/rubies/ruby-2.1.0/lib/ruby/gems/2.1.0/specifications/sqlite3-1.3.9.gemspec
I, [2014-04-10T14:38:05.055412 #5210]  INFO -- : 0:  turbolinks (2.2.2) from /Users/tballenger/.rvm/rubies/ruby-2.1.0/lib/ruby/gems/2.1.0/specifications/turbolinks-2.2.2.gemspec
I, [2014-04-10T14:38:05.055633 #5210]  INFO -- : 0:  uglifier (2.5.0) from /Users/tballenger/.rvm/rubies/ruby-2.1.0/lib/ruby/gems/2.1.0/specifications/uglifier-2.5.0.gemspec
